07/26/2022 15:23:43 INICIANDO...
07/26/2022 15:23:43 2.8.3.2
07/26/2022 15:23:43 Usuário: nayar(Administrador)
07/26/2022 15:23:43 Versão do Sistema Operacional: 6.2.9200
07/26/2022 15:23:43 64 Bits: true
07/26/2022 15:23:43 Versão do Firefox.  ( 0.7 )
07/26/2022 15:23:43 UAC: Ativado
07/26/2022 15:23:43 Verificando se Firefox está instalado...
07/26/2022 15:23:43 Firefox não instalado.
07/26/2022 15:23:43 [Verificando Ambiente] Verificando...
07/26/2022 15:23:43 [Verificando Ambiente] Ativando Transport Layer Security (TLS)
07/26/2022 15:23:44 [Verificando Ambiente] Ok.
07/26/2022 15:23:44 [Arquivo hosts] Verificando...
07/26/2022 15:23:44 [Arquivo hosts] Ok.
07/26/2022 15:23:44 [Instalação de certificados raiz] Verificando...
07/26/2022 15:23:44 [Instalação de certificados raiz] Efetuando download do instalador...
07/26/2022 15:23:46 [Instalação de certificados raiz] Instalando...
07/26/2022 15:23:46 [Instalação de certificados raiz] Ok.
07/26/2022 15:23:46 [Terminal Services] Verificando...
07/26/2022 15:23:46 [Terminal Services] Ok.
07/26/2022 15:23:46 [Limpeza do cache IE] Verificando...
07/26/2022 15:23:46 [Limpeza do cache IE] Limpando...
07/26/2022 15:23:46 [Limpeza do cache IE] Ok.
07/26/2022 15:23:46 [Instalando Módulo de Segurança] Verificando...
07/26/2022 15:23:46 [Instalando Módulo de Segurança] Efetuando download do instalador...
07/26/2022 15:23:58 [Instalando Módulo de Segurança] Instalando...
07/26/2022 15:24:23 [Instalando Módulo de Segurança] Ok.
07/26/2022 15:24:23 [Configurações do Módulo de Segurança] Verificando...
07/26/2022 15:24:23 [Configurações do Módulo de Segurança] Ok.
07/26/2022 15:24:23 [Instalando configurações da CAIXA] Verificando...
07/26/2022 15:24:45 [Instalando configurações da CAIXA] Ok.
07/26/2022 15:24:45 [Ajustando ambiente] Verificando...
07/26/2022 15:24:45 [Ajustando ambiente] Ok.
07/26/2022 15:24:45 [Atualizando listas] Verificando...
07/26/2022 15:24:45 [Atualizando listas] Ok.
07/26/2022 15:24:45 [Concluindo execucao] Verificando...
07/26/2022 15:24:50 [Concluindo execucao] CONCLUÍDO.
07/26/2022 15:24:50 CONCLUÍDO.
